2014-10-28 00:02:37,703 [Worker-3] INFO  o.e.m.c.i.l.LifecycleMappingFactory - Using org.eclipse.m2e.jdt.JarLifecycleMapping lifecycle mapping for MavenProject: org.mongodb:M101J:1.0-SNAPSHOT @ /home/ale/workspace/week_2_crud/homework_2_3_mongoproc/hw2-3/pom.xml.
2014-10-28 00:02:38,137 [Worker-3] INFO  o.e.m.j.i.AbstractJavaProjectConfigurator - Adding source folder /hw2-3/src/main/java
2014-10-28 00:02:38,137 [Worker-3] INFO  o.e.m.j.i.AbstractJavaProjectConfigurator - Adding resource folder /hw2-3/src/main/resources
2014-10-28 00:02:38,138 [Worker-3] INFO  o.e.m.j.i.AbstractJavaProjectConfigurator - Adding source folder /hw2-3/src/test/java
2014-10-28 00:02:38,198 [Worker-3] INFO  o.e.m.c.i.p.ProjectConfigurationManager - Imported and configured 1 project(s) in 2 sec
2014-10-28 00:02:39,085 [Worker-3] INFO  o.e.m.c.i.l.LifecycleMappingFactory - Using org.eclipse.m2e.jdt.JarLifecycleMapping lifecycle mapping for MavenProject: org.mongodb:M101J:1.0-SNAPSHOT @ /home/ale/workspace/week_2_crud/homework_2_3_mongoproc/hw2-3/pom.xml.
2014-10-28 00:02:40,085 [Worker-0] WARN  o.e.m.c.i.embedder.EclipseLogger - Using platform encoding (UTF-8 actually) to copy filtered resources, i.e. build is platform dependent!
2014-10-28 00:02:40,097 [Worker-0] INFO  o.e.m.c.i.embedder.EclipseLogger - Copying 5 resources
2014-10-28 00:02:40,109 [Worker-0] WARN  o.e.m.c.i.embedder.EclipseLogger - Using platform encoding (UTF-8 actually) to copy filtered resources, i.e. build is platform dependent!
2014-10-28 00:02:40,110 [Worker-0] INFO  o.e.m.c.i.embedder.EclipseLogger - skip non existing resourceDirectory /home/ale/workspace/week_2_crud/homework_2_3_mongoproc/hw2-3/src/test/resources
2014-10-28 00:02:41,676 [Worker-4] WARN  o.e.m.c.i.embedder.EclipseLogger - Using platform encoding (UTF-8 actually) to copy filtered resources, i.e. build is platform dependent!
2014-10-28 00:02:41,678 [Worker-4] INFO  o.e.m.c.i.embedder.EclipseLogger - Copying 0 resource
2014-10-28 00:02:41,683 [Worker-4] WARN  o.e.m.c.i.embedder.EclipseLogger - Using platform encoding (UTF-8 actually) to copy filtered resources, i.e. build is platform dependent!
2014-10-28 00:02:41,684 [Worker-4] INFO  o.e.m.c.i.embedder.EclipseLogger - skip non existing resourceDirectory /home/ale/workspace/week_2_crud/homework_2_3_mongoproc/hw2-3/src/test/resources
2014-10-28 00:02:45,920 [Worker-1] WARN  o.e.m.c.i.embedder.EclipseLogger - Using platform encoding (UTF-8 actually) to copy filtered resources, i.e. build is platform dependent!
2014-10-28 00:02:45,921 [Worker-1] INFO  o.e.m.c.i.embedder.EclipseLogger - Copying 0 resource
2014-10-28 00:02:45,923 [Worker-1] WARN  o.e.m.c.i.embedder.EclipseLogger - Using platform encoding (UTF-8 actually) to copy filtered resources, i.e. build is platform dependent!
2014-10-28 00:02:45,923 [Worker-1] INFO  o.e.m.c.i.embedder.EclipseLogger - skip non existing resourceDirectory /home/ale/workspace/week_2_crud/homework_2_3_mongoproc/hw2-3/src/test/resources
2014-10-28 00:05:44,821 [Worker-2] INFO  o.e.m.c.i.l.LifecycleMappingFactory - Using org.eclipse.m2e.jdt.JarLifecycleMapping lifecycle mapping for MavenProject: org.mongodb:M101J:1.0-SNAPSHOT @ /home/ale/workspace/week_2_crud/homework_2_3_mongoproc/hw2-3/pom.xml.
2014-10-28 00:05:44,873 [Worker-2] WARN  o.e.m.c.i.embedder.EclipseLogger - Using platform encoding (UTF-8 actually) to copy filtered resources, i.e. build is platform dependent!
2014-10-28 00:05:44,873 [Worker-2] INFO  o.e.m.c.i.embedder.EclipseLogger - Copying 0 resource
2014-10-28 00:05:44,875 [Worker-2] WARN  o.e.m.c.i.embedder.EclipseLogger - Using platform encoding (UTF-8 actually) to copy filtered resources, i.e. build is platform dependent!
2014-10-28 00:05:44,875 [Worker-2] INFO  o.e.m.c.i.embedder.EclipseLogger - skip non existing resourceDirectory /home/ale/workspace/week_2_crud/homework_2_3_mongoproc/hw2-3/src/test/resources
2014-10-28 00:05:50,532 [Worker-3] INFO  o.e.m.c.i.l.LifecycleMappingFactory - Using org.eclipse.m2e.jdt.JarLifecycleMapping lifecycle mapping for MavenProject: org.mongodb:M101J:1.0-SNAPSHOT @ /home/ale/workspace/week_2_crud/homework_2_3_mongoproc/hw2-3/pom.xml.
2014-10-28 00:05:50,628 [Worker-3] WARN  o.e.m.c.i.embedder.EclipseLogger - Using platform encoding (UTF-8 actually) to copy filtered resources, i.e. build is platform dependent!
2014-10-28 00:05:50,629 [Worker-3] INFO  o.e.m.c.i.embedder.EclipseLogger - Copying 0 resource
2014-10-28 00:05:50,631 [Worker-3] WARN  o.e.m.c.i.embedder.EclipseLogger - Using platform encoding (UTF-8 actually) to copy filtered resources, i.e. build is platform dependent!
2014-10-28 00:05:50,631 [Worker-3] INFO  o.e.m.c.i.embedder.EclipseLogger - skip non existing resourceDirectory /home/ale/workspace/week_2_crud/homework_2_3_mongoproc/hw2-3/src/test/resources
2014-10-28 00:05:52,108 [Worker-3] INFO  o.e.m.c.i.l.LifecycleMappingFactory - Using org.eclipse.m2e.jdt.JarLifecycleMapping lifecycle mapping for MavenProject: org.mongodb:M101J:1.0-SNAPSHOT @ /home/ale/workspace/week_2_crud/homework_2_3_mongoproc/hw2-3/pom.xml.
2014-10-28 00:05:52,186 [Worker-3] WARN  o.e.m.c.i.embedder.EclipseLogger - Using platform encoding (UTF-8 actually) to copy filtered resources, i.e. build is platform dependent!
2014-10-28 00:05:52,188 [Worker-3] INFO  o.e.m.c.i.embedder.EclipseLogger - Copying 5 resources
2014-10-28 00:05:52,191 [Worker-3] WARN  o.e.m.c.i.embedder.EclipseLogger - Using platform encoding (UTF-8 actually) to copy filtered resources, i.e. build is platform dependent!
2014-10-28 00:05:52,191 [Worker-3] INFO  o.e.m.c.i.embedder.EclipseLogger - skip non existing resourceDirectory /home/ale/workspace/week_2_crud/homework_2_3_mongoproc/hw2-3/src/test/resources
2014-10-28 00:08:37,018 [Worker-4] WARN  o.e.m.c.i.embedder.EclipseLogger - Using platform encoding (UTF-8 actually) to copy filtered resources, i.e. build is platform dependent!
2014-10-28 00:08:37,019 [Worker-4] INFO  o.e.m.c.i.embedder.EclipseLogger - Copying 5 resources
2014-10-28 00:08:37,020 [Worker-4] WARN  o.e.m.c.i.embedder.EclipseLogger - Using platform encoding (UTF-8 actually) to copy filtered resources, i.e. build is platform dependent!
2014-10-28 00:08:37,021 [Worker-4] INFO  o.e.m.c.i.embedder.EclipseLogger - skip non existing resourceDirectory /home/ale/workspace/week_2_crud/homework_2_3_mongoproc/hw2-3/src/test/resources
2014-10-28 00:10:08,180 [Worker-1] WARN  o.e.m.c.i.embedder.EclipseLogger - Using platform encoding (UTF-8 actually) to copy filtered resources, i.e. build is platform dependent!
2014-10-28 00:10:08,182 [Worker-1] INFO  o.e.m.c.i.embedder.EclipseLogger - Copying 5 resources
2014-10-28 00:10:08,186 [Worker-1] WARN  o.e.m.c.i.embedder.EclipseLogger - Using platform encoding (UTF-8 actually) to copy filtered resources, i.e. build is platform dependent!
2014-10-28 00:10:08,187 [Worker-1] INFO  o.e.m.c.i.embedder.EclipseLogger - skip non existing resourceDirectory /home/ale/workspace/week_2_crud/homework_2_3_mongoproc/hw2-3/src/test/resources
2014-10-28 00:10:18,385 [Worker-2] WARN  o.e.m.c.i.embedder.EclipseLogger - Using platform encoding (UTF-8 actually) to copy filtered resources, i.e. build is platform dependent!
2014-10-28 00:10:18,385 [Worker-2] INFO  o.e.m.c.i.embedder.EclipseLogger - Copying 5 resources
2014-10-28 00:10:18,387 [Worker-2] WARN  o.e.m.c.i.embedder.EclipseLogger - Using platform encoding (UTF-8 actually) to copy filtered resources, i.e. build is platform dependent!
2014-10-28 00:10:18,387 [Worker-2] INFO  o.e.m.c.i.embedder.EclipseLogger - skip non existing resourceDirectory /home/ale/workspace/week_2_crud/homework_2_3_mongoproc/hw2-3/src/test/resources
2014-10-28 00:10:24,805 [Worker-4] WARN  o.e.m.c.i.embedder.EclipseLogger - Using platform encoding (UTF-8 actually) to copy filtered resources, i.e. build is platform dependent!
2014-10-28 00:10:24,806 [Worker-4] INFO  o.e.m.c.i.embedder.EclipseLogger - Copying 5 resources
2014-10-28 00:10:24,808 [Worker-4] WARN  o.e.m.c.i.embedder.EclipseLogger - Using platform encoding (UTF-8 actually) to copy filtered resources, i.e. build is platform dependent!
2014-10-28 00:10:24,808 [Worker-4] INFO  o.e.m.c.i.embedder.EclipseLogger - skip non existing resourceDirectory /home/ale/workspace/week_2_crud/homework_2_3_mongoproc/hw2-3/src/test/resources
2014-10-28 00:10:58,899 [Worker-7] WARN  o.e.m.c.i.embedder.EclipseLogger - Using platform encoding (UTF-8 actually) to copy filtered resources, i.e. build is platform dependent!
2014-10-28 00:10:58,901 [Worker-7] INFO  o.e.m.c.i.embedder.EclipseLogger - Copying 5 resources
2014-10-28 00:10:58,903 [Worker-7] WARN  o.e.m.c.i.embedder.EclipseLogger - Using platform encoding (UTF-8 actually) to copy filtered resources, i.e. build is platform dependent!
2014-10-28 00:10:58,903 [Worker-7] INFO  o.e.m.c.i.embedder.EclipseLogger - skip non existing resourceDirectory /home/ale/workspace/week_2_crud/homework_2_3_mongoproc/hw2-3/src/test/resources
2014-10-28 00:11:01,852 [Worker-4] WARN  o.e.m.c.i.embedder.EclipseLogger - Using platform encoding (UTF-8 actually) to copy filtered resources, i.e. build is platform dependent!
2014-10-28 00:11:01,853 [Worker-4] INFO  o.e.m.c.i.embedder.EclipseLogger - Copying 5 resources
2014-10-28 00:11:01,854 [Worker-4] WARN  o.e.m.c.i.embedder.EclipseLogger - Using platform encoding (UTF-8 actually) to copy filtered resources, i.e. build is platform dependent!
2014-10-28 00:11:01,854 [Worker-4] INFO  o.e.m.c.i.embedder.EclipseLogger - skip non existing resourceDirectory /home/ale/workspace/week_2_crud/homework_2_3_mongoproc/hw2-3/src/test/resources
2014-10-28 00:13:21,616 [Worker-7] WARN  o.e.m.c.i.embedder.EclipseLogger - Using platform encoding (UTF-8 actually) to copy filtered resources, i.e. build is platform dependent!
2014-10-28 00:13:21,617 [Worker-7] INFO  o.e.m.c.i.embedder.EclipseLogger - Copying 5 resources
2014-10-28 00:13:21,618 [Worker-7] WARN  o.e.m.c.i.embedder.EclipseLogger - Using platform encoding (UTF-8 actually) to copy filtered resources, i.e. build is platform dependent!
2014-10-28 00:13:21,619 [Worker-7] INFO  o.e.m.c.i.embedder.EclipseLogger - skip non existing resourceDirectory /home/ale/workspace/week_2_crud/homework_2_3_mongoproc/hw2-3/src/test/resources
2014-10-28 00:13:28,532 [Worker-8] WARN  o.e.m.c.i.embedder.EclipseLogger - Using platform encoding (UTF-8 actually) to copy filtered resources, i.e. build is platform dependent!
2014-10-28 00:13:28,533 [Worker-8] INFO  o.e.m.c.i.embedder.EclipseLogger - Copying 5 resources
2014-10-28 00:13:28,535 [Worker-8] WARN  o.e.m.c.i.embedder.EclipseLogger - Using platform encoding (UTF-8 actually) to copy filtered resources, i.e. build is platform dependent!
2014-10-28 00:13:28,535 [Worker-8] INFO  o.e.m.c.i.embedder.EclipseLogger - skip non existing resourceDirectory /home/ale/workspace/week_2_crud/homework_2_3_mongoproc/hw2-3/src/test/resources
2014-10-28 00:19:24,717 [Worker-11] INFO  o.e.m.c.i.l.LifecycleMappingFactory - Using org.eclipse.m2e.jdt.JarLifecycleMapping lifecycle mapping for MavenProject: org.mongodb:M101J:1.0-SNAPSHOT @ /home/ale/workspace/week_2_crud/homework_2_3_mongoproc/hw2-3/pom.xml.
2014-10-28 00:19:25,058 [Worker-11] INFO  o.e.m.c.i.e.AbstractTransferListenerAdapter - Downloaded http://www.sparkjava.com/nexus/content/repositories/spark/com/sparkjava/spark-core/1.1.1/spark-core-1.1.1.pom
2014-10-28 00:19:25,201 [Worker-11] INFO  o.e.m.c.i.e.AbstractTransferListenerAdapter - Downloading http://repo.maven.apache.org/maven2/com/sparkjava/spark-core/1.1.1/spark-core-1.1.1.pom
2014-10-28 00:19:25,310 [Worker-11] INFO  o.e.m.c.i.e.AbstractTransferListenerAdapter - Downloaded http://repo.maven.apache.org/maven2/com/sparkjava/spark-core/1.1.1/spark-core-1.1.1.pom
2014-10-28 00:19:25,520 [Worker-11] INFO  o.e.m.c.i.e.AbstractTransferListenerAdapter - Downloaded http://www.sparkjava.com/nexus/content/repositories/spark/com/sparkjava/spark-core/1.1.1/spark-core-1.1.1.jar
2014-10-28 00:19:25,580 [Worker-11] INFO  o.e.m.c.i.e.AbstractTransferListenerAdapter - Downloading http://repo.maven.apache.org/maven2/com/sparkjava/spark-core/1.1.1/spark-core-1.1.1.jar
2014-10-28 00:19:25,781 [Worker-11] INFO  o.e.m.c.i.e.AbstractTransferListenerAdapter - Downloaded http://repo.maven.apache.org/maven2/com/sparkjava/spark-core/1.1.1/spark-core-1.1.1.jar
2014-10-28 00:19:26,023 [Worker-11] WARN  o.e.m.c.i.embedder.EclipseLogger - Using platform encoding (UTF-8 actually) to copy filtered resources, i.e. build is platform dependent!
2014-10-28 00:19:26,024 [Worker-11] INFO  o.e.m.c.i.embedder.EclipseLogger - Copying 0 resource
2014-10-28 00:19:26,025 [Worker-11] WARN  o.e.m.c.i.embedder.EclipseLogger - Using platform encoding (UTF-8 actually) to copy filtered resources, i.e. build is platform dependent!
2014-10-28 00:19:26,025 [Worker-11] INFO  o.e.m.c.i.embedder.EclipseLogger - skip non existing resourceDirectory /home/ale/workspace/week_2_crud/homework_2_3_mongoproc/hw2-3/src/test/resources
2014-10-28 00:19:27,349 [Worker-9] INFO  o.e.m.c.i.l.LifecycleMappingFactory - Using org.eclipse.m2e.jdt.JarLifecycleMapping lifecycle mapping for MavenProject: org.mongodb:M101J:1.0-SNAPSHOT @ /home/ale/workspace/week_2_crud/homework_2_3_mongoproc/hw2-3/pom.xml.
2014-10-28 00:19:27,409 [Worker-9] WARN  o.e.m.c.i.embedder.EclipseLogger - Using platform encoding (UTF-8 actually) to copy filtered resources, i.e. build is platform dependent!
2014-10-28 00:19:27,410 [Worker-9] INFO  o.e.m.c.i.embedder.EclipseLogger - Copying 5 resources
2014-10-28 00:19:27,414 [Worker-9] WARN  o.e.m.c.i.embedder.EclipseLogger - Using platform encoding (UTF-8 actually) to copy filtered resources, i.e. build is platform dependent!
2014-10-28 00:19:27,414 [Worker-9] INFO  o.e.m.c.i.embedder.EclipseLogger - skip non existing resourceDirectory /home/ale/workspace/week_2_crud/homework_2_3_mongoproc/hw2-3/src/test/resources
2014-10-28 00:25:19,071 [Worker-9] WARN  o.e.m.c.i.embedder.EclipseLogger - Using platform encoding (UTF-8 actually) to copy filtered resources, i.e. build is platform dependent!
2014-10-28 00:25:19,072 [Worker-9] INFO  o.e.m.c.i.embedder.EclipseLogger - Copying 5 resources
2014-10-28 00:25:19,074 [Worker-9] WARN  o.e.m.c.i.embedder.EclipseLogger - Using platform encoding (UTF-8 actually) to copy filtered resources, i.e. build is platform dependent!
2014-10-28 00:25:19,074 [Worker-9] INFO  o.e.m.c.i.embedder.EclipseLogger - skip non existing resourceDirectory /home/ale/workspace/week_2_crud/homework_2_3_mongoproc/hw2-3/src/test/resources
2014-10-28 00:25:44,810 [Worker-13] WARN  o.e.m.c.i.embedder.EclipseLogger - Using platform encoding (UTF-8 actually) to copy filtered resources, i.e. build is platform dependent!
2014-10-28 00:25:44,812 [Worker-13] INFO  o.e.m.c.i.embedder.EclipseLogger - Copying 5 resources
2014-10-28 00:25:44,815 [Worker-13] WARN  o.e.m.c.i.embedder.EclipseLogger - Using platform encoding (UTF-8 actually) to copy filtered resources, i.e. build is platform dependent!
2014-10-28 00:25:44,816 [Worker-13] INFO  o.e.m.c.i.embedder.EclipseLogger - skip non existing resourceDirectory /home/ale/workspace/week_2_crud/homework_2_3_mongoproc/hw2-3/src/test/resources
2014-10-28 00:25:55,728 [Worker-7] WARN  o.e.m.c.i.embedder.EclipseLogger - Using platform encoding (UTF-8 actually) to copy filtered resources, i.e. build is platform dependent!
2014-10-28 00:25:55,729 [Worker-7] INFO  o.e.m.c.i.embedder.EclipseLogger - Copying 5 resources
2014-10-28 00:25:55,733 [Worker-7] WARN  o.e.m.c.i.embedder.EclipseLogger - Using platform encoding (UTF-8 actually) to copy filtered resources, i.e. build is platform dependent!
2014-10-28 00:25:55,737 [Worker-7] INFO  o.e.m.c.i.embedder.EclipseLogger - skip non existing resourceDirectory /home/ale/workspace/week_2_crud/homework_2_3_mongoproc/hw2-3/src/test/resources
2014-10-28 00:26:16,058 [Worker-9] WARN  o.e.m.c.i.embedder.EclipseLogger - Using platform encoding (UTF-8 actually) to copy filtered resources, i.e. build is platform dependent!
2014-10-28 00:26:16,059 [Worker-9] INFO  o.e.m.c.i.embedder.EclipseLogger - Copying 5 resources
2014-10-28 00:26:16,060 [Worker-9] WARN  o.e.m.c.i.embedder.EclipseLogger - Using platform encoding (UTF-8 actually) to copy filtered resources, i.e. build is platform dependent!
2014-10-28 00:26:16,061 [Worker-9] INFO  o.e.m.c.i.embedder.EclipseLogger - skip non existing resourceDirectory /home/ale/workspace/week_2_crud/homework_2_3_mongoproc/hw2-3/src/test/resources
2014-10-28 00:26:17,425 [Worker-7] WARN  o.e.m.c.i.embedder.EclipseLogger - Using platform encoding (UTF-8 actually) to copy filtered resources, i.e. build is platform dependent!
2014-10-28 00:26:17,426 [Worker-7] INFO  o.e.m.c.i.embedder.EclipseLogger - Copying 5 resources
2014-10-28 00:26:17,427 [Worker-7] WARN  o.e.m.c.i.embedder.EclipseLogger - Using platform encoding (UTF-8 actually) to copy filtered resources, i.e. build is platform dependent!
2014-10-28 00:26:17,427 [Worker-7] INFO  o.e.m.c.i.embedder.EclipseLogger - skip non existing resourceDirectory /home/ale/workspace/week_2_crud/homework_2_3_mongoproc/hw2-3/src/test/resources
2014-10-28 00:26:22,222 [Worker-2] WARN  o.e.m.c.i.embedder.EclipseLogger - Using platform encoding (UTF-8 actually) to copy filtered resources, i.e. build is platform dependent!
2014-10-28 00:26:22,223 [Worker-2] INFO  o.e.m.c.i.embedder.EclipseLogger - Copying 5 resources
2014-10-28 00:26:22,224 [Worker-2] WARN  o.e.m.c.i.embedder.EclipseLogger - Using platform encoding (UTF-8 actually) to copy filtered resources, i.e. build is platform dependent!
2014-10-28 00:26:22,225 [Worker-2] INFO  o.e.m.c.i.embedder.EclipseLogger - skip non existing resourceDirectory /home/ale/workspace/week_2_crud/homework_2_3_mongoproc/hw2-3/src/test/resources
2014-10-28 00:26:48,356 [Worker-10] WARN  o.e.m.c.i.embedder.EclipseLogger - Using platform encoding (UTF-8 actually) to copy filtered resources, i.e. build is platform dependent!
2014-10-28 00:26:48,357 [Worker-10] INFO  o.e.m.c.i.embedder.EclipseLogger - Copying 5 resources
2014-10-28 00:26:48,358 [Worker-10] WARN  o.e.m.c.i.embedder.EclipseLogger - Using platform encoding (UTF-8 actually) to copy filtered resources, i.e. build is platform dependent!
2014-10-28 00:26:48,359 [Worker-10] INFO  o.e.m.c.i.embedder.EclipseLogger - skip non existing resourceDirectory /home/ale/workspace/week_2_crud/homework_2_3_mongoproc/hw2-3/src/test/resources
2014-10-28 00:27:52,283 [Worker-12] WARN  o.e.m.c.i.embedder.EclipseLogger - Using platform encoding (UTF-8 actually) to copy filtered resources, i.e. build is platform dependent!
2014-10-28 00:27:52,284 [Worker-12] INFO  o.e.m.c.i.embedder.EclipseLogger - Copying 5 resources
2014-10-28 00:27:52,285 [Worker-12] WARN  o.e.m.c.i.embedder.EclipseLogger - Using platform encoding (UTF-8 actually) to copy filtered resources, i.e. build is platform dependent!
2014-10-28 00:27:52,286 [Worker-12] INFO  o.e.m.c.i.embedder.EclipseLogger - skip non existing resourceDirectory /home/ale/workspace/week_2_crud/homework_2_3_mongoproc/hw2-3/src/test/resources
2014-10-28 00:27:55,870 [Worker-10] WARN  o.e.m.c.i.embedder.EclipseLogger - Using platform encoding (UTF-8 actually) to copy filtered resources, i.e. build is platform dependent!
2014-10-28 00:27:55,870 [Worker-10] INFO  o.e.m.c.i.embedder.EclipseLogger - Copying 5 resources
2014-10-28 00:27:55,872 [Worker-10] WARN  o.e.m.c.i.embedder.EclipseLogger - Using platform encoding (UTF-8 actually) to copy filtered resources, i.e. build is platform dependent!
2014-10-28 00:27:55,872 [Worker-10] INFO  o.e.m.c.i.embedder.EclipseLogger - skip non existing resourceDirectory /home/ale/workspace/week_2_crud/homework_2_3_mongoproc/hw2-3/src/test/resources
2014-10-28 00:28:16,689 [Worker-12] WARN  o.e.m.c.i.embedder.EclipseLogger - Using platform encoding (UTF-8 actually) to copy filtered resources, i.e. build is platform dependent!
2014-10-28 00:28:16,689 [Worker-12] INFO  o.e.m.c.i.embedder.EclipseLogger - Copying 5 resources
2014-10-28 00:28:16,691 [Worker-12] WARN  o.e.m.c.i.embedder.EclipseLogger - Using platform encoding (UTF-8 actually) to copy filtered resources, i.e. build is platform dependent!
2014-10-28 00:28:16,691 [Worker-12] INFO  o.e.m.c.i.embedder.EclipseLogger - skip non existing resourceDirectory /home/ale/workspace/week_2_crud/homework_2_3_mongoproc/hw2-3/src/test/resources
2014-10-28 00:28:21,583 [Worker-7] WARN  o.e.m.c.i.embedder.EclipseLogger - Using platform encoding (UTF-8 actually) to copy filtered resources, i.e. build is platform dependent!
2014-10-28 00:28:21,585 [Worker-7] INFO  o.e.m.c.i.embedder.EclipseLogger - Copying 5 resources
2014-10-28 00:28:21,586 [Worker-7] WARN  o.e.m.c.i.embedder.EclipseLogger - Using platform encoding (UTF-8 actually) to copy filtered resources, i.e. build is platform dependent!
2014-10-28 00:28:21,586 [Worker-7] INFO  o.e.m.c.i.embedder.EclipseLogger - skip non existing resourceDirectory /home/ale/workspace/week_2_crud/homework_2_3_mongoproc/hw2-3/src/test/resources
2014-10-28 00:28:29,975 [Worker-7] WARN  o.e.m.c.i.embedder.EclipseLogger - Using platform encoding (UTF-8 actually) to copy filtered resources, i.e. build is platform dependent!
2014-10-28 00:28:29,975 [Worker-7] INFO  o.e.m.c.i.embedder.EclipseLogger - Copying 5 resources
2014-10-28 00:28:29,976 [Worker-7] WARN  o.e.m.c.i.embedder.EclipseLogger - Using platform encoding (UTF-8 actually) to copy filtered resources, i.e. build is platform dependent!
2014-10-28 00:28:29,977 [Worker-7] INFO  o.e.m.c.i.embedder.EclipseLogger - skip non existing resourceDirectory /home/ale/workspace/week_2_crud/homework_2_3_mongoproc/hw2-3/src/test/resources
2014-10-28 00:30:57,623 [Worker-10] WARN  o.e.m.c.i.embedder.EclipseLogger - Using platform encoding (UTF-8 actually) to copy filtered resources, i.e. build is platform dependent!
2014-10-28 00:30:57,623 [Worker-10] INFO  o.e.m.c.i.embedder.EclipseLogger - Copying 5 resources
2014-10-28 00:30:57,624 [Worker-10] WARN  o.e.m.c.i.embedder.EclipseLogger - Using platform encoding (UTF-8 actually) to copy filtered resources, i.e. build is platform dependent!
2014-10-28 00:30:57,624 [Worker-10] INFO  o.e.m.c.i.embedder.EclipseLogger - skip non existing resourceDirectory /home/ale/workspace/week_2_crud/homework_2_3_mongoproc/hw2-3/src/test/resources
2014-10-28 00:31:08,794 [Worker-2] WARN  o.e.m.c.i.embedder.EclipseLogger - Using platform encoding (UTF-8 actually) to copy filtered resources, i.e. build is platform dependent!
2014-10-28 00:31:08,795 [Worker-2] INFO  o.e.m.c.i.embedder.EclipseLogger - Copying 5 resources
2014-10-28 00:31:08,796 [Worker-2] WARN  o.e.m.c.i.embedder.EclipseLogger - Using platform encoding (UTF-8 actually) to copy filtered resources, i.e. build is platform dependent!
2014-10-28 00:31:08,796 [Worker-2] INFO  o.e.m.c.i.embedder.EclipseLogger - skip non existing resourceDirectory /home/ale/workspace/week_2_crud/homework_2_3_mongoproc/hw2-3/src/test/resources
2014-10-28 00:31:15,159 [Worker-12] WARN  o.e.m.c.i.embedder.EclipseLogger - Using platform encoding (UTF-8 actually) to copy filtered resources, i.e. build is platform dependent!
2014-10-28 00:31:15,160 [Worker-12] INFO  o.e.m.c.i.embedder.EclipseLogger - Copying 5 resources
2014-10-28 00:31:15,161 [Worker-12] WARN  o.e.m.c.i.embedder.EclipseLogger - Using platform encoding (UTF-8 actually) to copy filtered resources, i.e. build is platform dependent!
2014-10-28 00:31:15,161 [Worker-12] INFO  o.e.m.c.i.embedder.EclipseLogger - skip non existing resourceDirectory /home/ale/workspace/week_2_crud/homework_2_3_mongoproc/hw2-3/src/test/resources
2014-10-28 00:31:25,246 [Worker-12] WARN  o.e.m.c.i.embedder.EclipseLogger - Using platform encoding (UTF-8 actually) to copy filtered resources, i.e. build is platform dependent!
2014-10-28 00:31:25,247 [Worker-12] INFO  o.e.m.c.i.embedder.EclipseLogger - Copying 5 resources
2014-10-28 00:31:25,249 [Worker-12] WARN  o.e.m.c.i.embedder.EclipseLogger - Using platform encoding (UTF-8 actually) to copy filtered resources, i.e. build is platform dependent!
2014-10-28 00:31:25,249 [Worker-12] INFO  o.e.m.c.i.embedder.EclipseLogger - skip non existing resourceDirectory /home/ale/workspace/week_2_crud/homework_2_3_mongoproc/hw2-3/src/test/resources
2014-10-28 00:32:27,157 [Worker-9] WARN  o.e.m.c.i.embedder.EclipseLogger - Using platform encoding (UTF-8 actually) to copy filtered resources, i.e. build is platform dependent!
2014-10-28 00:32:27,157 [Worker-9] INFO  o.e.m.c.i.embedder.EclipseLogger - Copying 5 resources
2014-10-28 00:32:27,158 [Worker-9] WARN  o.e.m.c.i.embedder.EclipseLogger - Using platform encoding (UTF-8 actually) to copy filtered resources, i.e. build is platform dependent!
2014-10-28 00:32:27,158 [Worker-9] INFO  o.e.m.c.i.embedder.EclipseLogger - skip non existing resourceDirectory /home/ale/workspace/week_2_crud/homework_2_3_mongoproc/hw2-3/src/test/resources
2014-10-28 00:32:42,825 [Worker-12] WARN  o.e.m.c.i.embedder.EclipseLogger - Using platform encoding (UTF-8 actually) to copy filtered resources, i.e. build is platform dependent!
2014-10-28 00:32:42,826 [Worker-12] INFO  o.e.m.c.i.embedder.EclipseLogger - Copying 5 resources
2014-10-28 00:32:42,827 [Worker-12] WARN  o.e.m.c.i.embedder.EclipseLogger - Using platform encoding (UTF-8 actually) to copy filtered resources, i.e. build is platform dependent!
2014-10-28 00:32:42,827 [Worker-12] INFO  o.e.m.c.i.embedder.EclipseLogger - skip non existing resourceDirectory /home/ale/workspace/week_2_crud/homework_2_3_mongoproc/hw2-3/src/test/resources
2014-10-28 00:33:17,883 [Worker-14] WARN  o.e.m.c.i.embedder.EclipseLogger - Using platform encoding (UTF-8 actually) to copy filtered resources, i.e. build is platform dependent!
2014-10-28 00:33:17,884 [Worker-14] INFO  o.e.m.c.i.embedder.EclipseLogger - Copying 5 resources
2014-10-28 00:33:17,886 [Worker-14] WARN  o.e.m.c.i.embedder.EclipseLogger - Using platform encoding (UTF-8 actually) to copy filtered resources, i.e. build is platform dependent!
2014-10-28 00:33:17,887 [Worker-14] INFO  o.e.m.c.i.embedder.EclipseLogger - skip non existing resourceDirectory /home/ale/workspace/week_2_crud/homework_2_3_mongoproc/hw2-3/src/test/resources
2014-10-28 00:33:28,330 [Worker-10] WARN  o.e.m.c.i.embedder.EclipseLogger - Using platform encoding (UTF-8 actually) to copy filtered resources, i.e. build is platform dependent!
2014-10-28 00:33:28,331 [Worker-10] INFO  o.e.m.c.i.embedder.EclipseLogger - Copying 5 resources
2014-10-28 00:33:28,334 [Worker-10] WARN  o.e.m.c.i.embedder.EclipseLogger - Using platform encoding (UTF-8 actually) to copy filtered resources, i.e. build is platform dependent!
2014-10-28 00:33:28,335 [Worker-10] INFO  o.e.m.c.i.embedder.EclipseLogger - skip non existing resourceDirectory /home/ale/workspace/week_2_crud/homework_2_3_mongoproc/hw2-3/src/test/resources
2014-10-28 00:35:18,022 [main] INFO  o.e.m2e.actions.ExecutePomAction - Creating new launch configuration
2014-10-28 00:35:34,248 [main] INFO  o.e.m2e.actions.ExecutePomAction - Using existing launch configuration
2014-10-28 00:39:45,099 [Worker-15] WARN  o.e.m.c.i.embedder.EclipseLogger - Using platform encoding (UTF-8 actually) to copy filtered resources, i.e. build is platform dependent!
2014-10-28 00:39:45,099 [Worker-15] INFO  o.e.m.c.i.embedder.EclipseLogger - Copying 5 resources
2014-10-28 00:39:45,100 [Worker-15] WARN  o.e.m.c.i.embedder.EclipseLogger - Using platform encoding (UTF-8 actually) to copy filtered resources, i.e. build is platform dependent!
2014-10-28 00:39:45,101 [Worker-15] INFO  o.e.m.c.i.embedder.EclipseLogger - skip non existing resourceDirectory /home/ale/workspace/week_2_crud/homework_2_3_mongoproc/hw2-3/src/test/resources
2014-10-28 00:41:29,998 [Worker-10] WARN  o.e.m.c.i.embedder.EclipseLogger - Using platform encoding (UTF-8 actually) to copy filtered resources, i.e. build is platform dependent!
2014-10-28 00:41:29,999 [Worker-10] INFO  o.e.m.c.i.embedder.EclipseLogger - Copying 5 resources
2014-10-28 00:41:30,000 [Worker-10] WARN  o.e.m.c.i.embedder.EclipseLogger - Using platform encoding (UTF-8 actually) to copy filtered resources, i.e. build is platform dependent!
2014-10-28 00:41:30,000 [Worker-10] INFO  o.e.m.c.i.embedder.EclipseLogger - skip non existing resourceDirectory /home/ale/workspace/week_2_crud/homework_2_3_mongoproc/hw2-3/src/test/resources
2014-10-28 00:44:52,094 [Worker-12] WARN  o.e.m.c.i.embedder.EclipseLogger - Using platform encoding (UTF-8 actually) to copy filtered resources, i.e. build is platform dependent!
2014-10-28 00:44:52,095 [Worker-12] INFO  o.e.m.c.i.embedder.EclipseLogger - Copying 5 resources
2014-10-28 00:44:52,098 [Worker-12] WARN  o.e.m.c.i.embedder.EclipseLogger - Using platform encoding (UTF-8 actually) to copy filtered resources, i.e. build is platform dependent!
2014-10-28 00:44:52,098 [Worker-12] INFO  o.e.m.c.i.embedder.EclipseLogger - skip non existing resourceDirectory /home/ale/workspace/week_2_crud/homework_2_3_mongoproc/hw2-3/src/test/resources
2014-10-28 00:45:06,138 [Worker-14] WARN  o.e.m.c.i.embedder.EclipseLogger - Using platform encoding (UTF-8 actually) to copy filtered resources, i.e. build is platform dependent!
2014-10-28 00:45:06,139 [Worker-14] INFO  o.e.m.c.i.embedder.EclipseLogger - Copying 5 resources
2014-10-28 00:45:06,140 [Worker-14] WARN  o.e.m.c.i.embedder.EclipseLogger - Using platform encoding (UTF-8 actually) to copy filtered resources, i.e. build is platform dependent!
2014-10-28 00:45:06,141 [Worker-14] INFO  o.e.m.c.i.embedder.EclipseLogger - skip non existing resourceDirectory /home/ale/workspace/week_2_crud/homework_2_3_mongoproc/hw2-3/src/test/resources
2014-10-28 00:47:26,620 [Worker-14] WARN  o.e.m.c.i.embedder.EclipseLogger - Using platform encoding (UTF-8 actually) to copy filtered resources, i.e. build is platform dependent!
2014-10-28 00:47:26,622 [Worker-14] INFO  o.e.m.c.i.embedder.EclipseLogger - Copying 5 resources
2014-10-28 00:47:26,625 [Worker-14] WARN  o.e.m.c.i.embedder.EclipseLogger - Using platform encoding (UTF-8 actually) to copy filtered resources, i.e. build is platform dependent!
2014-10-28 00:47:26,625 [Worker-14] INFO  o.e.m.c.i.embedder.EclipseLogger - skip non existing resourceDirectory /home/ale/workspace/week_2_crud/homework_2_3_mongoproc/hw2-3/src/test/resources
2014-10-28 00:48:23,449 [Worker-14] WARN  o.e.m.c.i.embedder.EclipseLogger - Using platform encoding (UTF-8 actually) to copy filtered resources, i.e. build is platform dependent!
2014-10-28 00:48:23,451 [Worker-14] INFO  o.e.m.c.i.embedder.EclipseLogger - Copying 5 resources
2014-10-28 00:48:23,453 [Worker-14] WARN  o.e.m.c.i.embedder.EclipseLogger - Using platform encoding (UTF-8 actually) to copy filtered resources, i.e. build is platform dependent!
2014-10-28 00:48:23,453 [Worker-14] INFO  o.e.m.c.i.embedder.EclipseLogger - skip non existing resourceDirectory /home/ale/workspace/week_2_crud/homework_2_3_mongoproc/hw2-3/src/test/resources
2014-10-28 00:53:18,658 [Worker-15] WARN  o.e.m.c.i.embedder.EclipseLogger - Using platform encoding (UTF-8 actually) to copy filtered resources, i.e. build is platform dependent!
2014-10-28 00:53:18,659 [Worker-15] INFO  o.e.m.c.i.embedder.EclipseLogger - Copying 5 resources
2014-10-28 00:53:18,660 [Worker-15] WARN  o.e.m.c.i.embedder.EclipseLogger - Using platform encoding (UTF-8 actually) to copy filtered resources, i.e. build is platform dependent!
2014-10-28 00:53:18,660 [Worker-15] INFO  o.e.m.c.i.embedder.EclipseLogger - skip non existing resourceDirectory /home/ale/workspace/week_2_crud/homework_2_3_mongoproc/hw2-3/src/test/resources
2014-10-28 00:54:43,540 [Worker-15] WARN  o.e.m.c.i.embedder.EclipseLogger - Using platform encoding (UTF-8 actually) to copy filtered resources, i.e. build is platform dependent!
2014-10-28 00:54:43,540 [Worker-15] INFO  o.e.m.c.i.embedder.EclipseLogger - Copying 5 resources
2014-10-28 00:54:43,541 [Worker-15] WARN  o.e.m.c.i.embedder.EclipseLogger - Using platform encoding (UTF-8 actually) to copy filtered resources, i.e. build is platform dependent!
2014-10-28 00:54:43,541 [Worker-15] INFO  o.e.m.c.i.embedder.EclipseLogger - skip non existing resourceDirectory /home/ale/workspace/week_2_crud/homework_2_3_mongoproc/hw2-3/src/test/resources
2014-10-28 00:55:36,424 [Worker-14] WARN  o.e.m.c.i.embedder.EclipseLogger - Using platform encoding (UTF-8 actually) to copy filtered resources, i.e. build is platform dependent!
2014-10-28 00:55:36,425 [Worker-14] INFO  o.e.m.c.i.embedder.EclipseLogger - Copying 5 resources
2014-10-28 00:55:36,426 [Worker-14] WARN  o.e.m.c.i.embedder.EclipseLogger - Using platform encoding (UTF-8 actually) to copy filtered resources, i.e. build is platform dependent!
2014-10-28 00:55:36,427 [Worker-14] INFO  o.e.m.c.i.embedder.EclipseLogger - skip non existing resourceDirectory /home/ale/workspace/week_2_crud/homework_2_3_mongoproc/hw2-3/src/test/resources
2014-10-28 00:56:01,990 [Worker-15] WARN  o.e.m.c.i.embedder.EclipseLogger - Using platform encoding (UTF-8 actually) to copy filtered resources, i.e. build is platform dependent!
2014-10-28 00:56:01,991 [Worker-15] INFO  o.e.m.c.i.embedder.EclipseLogger - Copying 5 resources
2014-10-28 00:56:01,993 [Worker-15] WARN  o.e.m.c.i.embedder.EclipseLogger - Using platform encoding (UTF-8 actually) to copy filtered resources, i.e. build is platform dependent!
2014-10-28 00:56:01,993 [Worker-15] INFO  o.e.m.c.i.embedder.EclipseLogger - skip non existing resourceDirectory /home/ale/workspace/week_2_crud/homework_2_3_mongoproc/hw2-3/src/test/resources
2014-10-28 00:56:22,088 [Worker-10] WARN  o.e.m.c.i.embedder.EclipseLogger - Using platform encoding (UTF-8 actually) to copy filtered resources, i.e. build is platform dependent!
2014-10-28 00:56:22,089 [Worker-10] INFO  o.e.m.c.i.embedder.EclipseLogger - Copying 5 resources
2014-10-28 00:56:22,091 [Worker-10] WARN  o.e.m.c.i.embedder.EclipseLogger - Using platform encoding (UTF-8 actually) to copy filtered resources, i.e. build is platform dependent!
2014-10-28 00:56:22,091 [Worker-10] INFO  o.e.m.c.i.embedder.EclipseLogger - skip non existing resourceDirectory /home/ale/workspace/week_2_crud/homework_2_3_mongoproc/hw2-3/src/test/resources
2014-10-28 00:56:34,953 [Worker-16] WARN  o.e.m.c.i.embedder.EclipseLogger - Using platform encoding (UTF-8 actually) to copy filtered resources, i.e. build is platform dependent!
2014-10-28 00:56:34,954 [Worker-16] INFO  o.e.m.c.i.embedder.EclipseLogger - Copying 5 resources
2014-10-28 00:56:34,955 [Worker-16] WARN  o.e.m.c.i.embedder.EclipseLogger - Using platform encoding (UTF-8 actually) to copy filtered resources, i.e. build is platform dependent!
2014-10-28 00:56:34,955 [Worker-16] INFO  o.e.m.c.i.embedder.EclipseLogger - skip non existing resourceDirectory /home/ale/workspace/week_2_crud/homework_2_3_mongoproc/hw2-3/src/test/resources
2014-10-28 00:56:44,273 [Worker-16] WARN  o.e.m.c.i.embedder.EclipseLogger - Using platform encoding (UTF-8 actually) to copy filtered resources, i.e. build is platform dependent!
2014-10-28 00:56:44,274 [Worker-16] INFO  o.e.m.c.i.embedder.EclipseLogger - Copying 5 resources
2014-10-28 00:56:44,276 [Worker-16] WARN  o.e.m.c.i.embedder.EclipseLogger - Using platform encoding (UTF-8 actually) to copy filtered resources, i.e. build is platform dependent!
2014-10-28 00:56:44,277 [Worker-16] INFO  o.e.m.c.i.embedder.EclipseLogger - skip non existing resourceDirectory /home/ale/workspace/week_2_crud/homework_2_3_mongoproc/hw2-3/src/test/resources
2014-10-28 00:56:58,302 [Worker-15] WARN  o.e.m.c.i.embedder.EclipseLogger - Using platform encoding (UTF-8 actually) to copy filtered resources, i.e. build is platform dependent!
2014-10-28 00:56:58,304 [Worker-15] INFO  o.e.m.c.i.embedder.EclipseLogger - Copying 5 resources
2014-10-28 00:56:58,306 [Worker-15] WARN  o.e.m.c.i.embedder.EclipseLogger - Using platform encoding (UTF-8 actually) to copy filtered resources, i.e. build is platform dependent!
2014-10-28 00:56:58,306 [Worker-15] INFO  o.e.m.c.i.embedder.EclipseLogger - skip non existing resourceDirectory /home/ale/workspace/week_2_crud/homework_2_3_mongoproc/hw2-3/src/test/resources
2014-10-28 00:57:53,181 [Worker-14] WARN  o.e.m.c.i.embedder.EclipseLogger - Using platform encoding (UTF-8 actually) to copy filtered resources, i.e. build is platform dependent!
2014-10-28 00:57:53,182 [Worker-14] INFO  o.e.m.c.i.embedder.EclipseLogger - Copying 5 resources
2014-10-28 00:57:53,182 [Worker-14] WARN  o.e.m.c.i.embedder.EclipseLogger - Using platform encoding (UTF-8 actually) to copy filtered resources, i.e. build is platform dependent!
2014-10-28 00:57:53,182 [Worker-14] INFO  o.e.m.c.i.embedder.EclipseLogger - skip non existing resourceDirectory /home/ale/workspace/week_2_crud/homework_2_3_mongoproc/hw2-3/src/test/resources
2014-10-28 00:58:51,704 [Worker-12] WARN  o.e.m.c.i.embedder.EclipseLogger - Using platform encoding (UTF-8 actually) to copy filtered resources, i.e. build is platform dependent!
2014-10-28 00:58:51,705 [Worker-12] INFO  o.e.m.c.i.embedder.EclipseLogger - Copying 5 resources
2014-10-28 00:58:51,706 [Worker-12] WARN  o.e.m.c.i.embedder.EclipseLogger - Using platform encoding (UTF-8 actually) to copy filtered resources, i.e. build is platform dependent!
2014-10-28 00:58:51,706 [Worker-12] INFO  o.e.m.c.i.embedder.EclipseLogger - skip non existing resourceDirectory /home/ale/workspace/week_2_crud/homework_2_3_mongoproc/hw2-3/src/test/resources
2014-10-28 00:58:57,104 [Worker-12] WARN  o.e.m.c.i.embedder.EclipseLogger - Using platform encoding (UTF-8 actually) to copy filtered resources, i.e. build is platform dependent!
2014-10-28 00:58:57,105 [Worker-12] INFO  o.e.m.c.i.embedder.EclipseLogger - Copying 5 resources
2014-10-28 00:58:57,106 [Worker-12] WARN  o.e.m.c.i.embedder.EclipseLogger - Using platform encoding (UTF-8 actually) to copy filtered resources, i.e. build is platform dependent!
2014-10-28 00:58:57,106 [Worker-12] INFO  o.e.m.c.i.embedder.EclipseLogger - skip non existing resourceDirectory /home/ale/workspace/week_2_crud/homework_2_3_mongoproc/hw2-3/src/test/resources
2014-10-28 01:02:40,785 [Worker-12] WARN  o.e.m.c.i.embedder.EclipseLogger - Using platform encoding (UTF-8 actually) to copy filtered resources, i.e. build is platform dependent!
2014-10-28 01:02:40,786 [Worker-12] INFO  o.e.m.c.i.embedder.EclipseLogger - Copying 5 resources
2014-10-28 01:02:40,787 [Worker-12] WARN  o.e.m.c.i.embedder.EclipseLogger - Using platform encoding (UTF-8 actually) to copy filtered resources, i.e. build is platform dependent!
2014-10-28 01:02:40,787 [Worker-12] INFO  o.e.m.c.i.embedder.EclipseLogger - skip non existing resourceDirectory /home/ale/workspace/week_2_crud/homework_2_3_mongoproc/hw2-3/src/test/resources
2014-10-28 01:03:54,963 [Worker-16] WARN  o.e.m.c.i.embedder.EclipseLogger - Using platform encoding (UTF-8 actually) to copy filtered resources, i.e. build is platform dependent!
2014-10-28 01:03:54,965 [Worker-16] INFO  o.e.m.c.i.embedder.EclipseLogger - Copying 5 resources
2014-10-28 01:03:54,967 [Worker-16] WARN  o.e.m.c.i.embedder.EclipseLogger - Using platform encoding (UTF-8 actually) to copy filtered resources, i.e. build is platform dependent!
2014-10-28 01:03:54,967 [Worker-16] INFO  o.e.m.c.i.embedder.EclipseLogger - skip non existing resourceDirectory /home/ale/workspace/week_2_crud/homework_2_3_mongoproc/hw2-3/src/test/resources
2014-10-28 01:05:29,475 [Worker-12] WARN  o.e.m.c.i.embedder.EclipseLogger - Using platform encoding (UTF-8 actually) to copy filtered resources, i.e. build is platform dependent!
2014-10-28 01:05:29,476 [Worker-12] INFO  o.e.m.c.i.embedder.EclipseLogger - Copying 5 resources
2014-10-28 01:05:29,477 [Worker-12] WARN  o.e.m.c.i.embedder.EclipseLogger - Using platform encoding (UTF-8 actually) to copy filtered resources, i.e. build is platform dependent!
2014-10-28 01:05:29,477 [Worker-12] INFO  o.e.m.c.i.embedder.EclipseLogger - skip non existing resourceDirectory /home/ale/workspace/week_2_crud/homework_2_3_mongoproc/hw2-3/src/test/resources
2014-10-28 01:05:48,635 [Worker-19] WARN  o.e.m.c.i.embedder.EclipseLogger - Using platform encoding (UTF-8 actually) to copy filtered resources, i.e. build is platform dependent!
2014-10-28 01:05:48,635 [Worker-19] INFO  o.e.m.c.i.embedder.EclipseLogger - Copying 5 resources
2014-10-28 01:05:48,638 [Worker-19] WARN  o.e.m.c.i.embedder.EclipseLogger - Using platform encoding (UTF-8 actually) to copy filtered resources, i.e. build is platform dependent!
2014-10-28 01:05:48,639 [Worker-19] INFO  o.e.m.c.i.embedder.EclipseLogger - skip non existing resourceDirectory /home/ale/workspace/week_2_crud/homework_2_3_mongoproc/hw2-3/src/test/resources
2014-10-28 01:05:53,739 [Worker-12] WARN  o.e.m.c.i.embedder.EclipseLogger - Using platform encoding (UTF-8 actually) to copy filtered resources, i.e. build is platform dependent!
2014-10-28 01:05:53,740 [Worker-12] INFO  o.e.m.c.i.embedder.EclipseLogger - Copying 5 resources
2014-10-28 01:05:53,742 [Worker-12] WARN  o.e.m.c.i.embedder.EclipseLogger - Using platform encoding (UTF-8 actually) to copy filtered resources, i.e. build is platform dependent!
2014-10-28 01:05:53,742 [Worker-12] INFO  o.e.m.c.i.embedder.EclipseLogger - skip non existing resourceDirectory /home/ale/workspace/week_2_crud/homework_2_3_mongoproc/hw2-3/src/test/resources
2014-10-28 01:05:56,706 [Worker-18] WARN  o.e.m.c.i.embedder.EclipseLogger - Using platform encoding (UTF-8 actually) to copy filtered resources, i.e. build is platform dependent!
2014-10-28 01:05:56,708 [Worker-18] INFO  o.e.m.c.i.embedder.EclipseLogger - Copying 5 resources
2014-10-28 01:05:56,710 [Worker-18] WARN  o.e.m.c.i.embedder.EclipseLogger - Using platform encoding (UTF-8 actually) to copy filtered resources, i.e. build is platform dependent!
2014-10-28 01:05:56,710 [Worker-18] INFO  o.e.m.c.i.embedder.EclipseLogger - skip non existing resourceDirectory /home/ale/workspace/week_2_crud/homework_2_3_mongoproc/hw2-3/src/test/resources
2014-10-28 01:06:00,972 [Worker-19] WARN  o.e.m.c.i.embedder.EclipseLogger - Using platform encoding (UTF-8 actually) to copy filtered resources, i.e. build is platform dependent!
2014-10-28 01:06:00,973 [Worker-19] INFO  o.e.m.c.i.embedder.EclipseLogger - Copying 5 resources
2014-10-28 01:06:00,974 [Worker-19] WARN  o.e.m.c.i.embedder.EclipseLogger - Using platform encoding (UTF-8 actually) to copy filtered resources, i.e. build is platform dependent!
2014-10-28 01:06:00,975 [Worker-19] INFO  o.e.m.c.i.embedder.EclipseLogger - skip non existing resourceDirectory /home/ale/workspace/week_2_crud/homework_2_3_mongoproc/hw2-3/src/test/resources
